<?xml version="1.0" encoding="UTF-8"?>
<testsuite xmlns:xsi="http://www.w3.org/2001/XMLSchema-instance" xsi:noNamespaceSchemaLocation="https://maven.apache.org/surefire/maven-failsafe-plugin/xsd/failsafe-test-report.xsd" version="3.0.2" name="com.objwww.pr.control.it.En04ConfigEpochIT" time="4.441" tests="4" errors="0" skipped="0" failures="0">
  <properties>
[...]
</properties>
  <testcase name="ledgerOpenFencesStaleEpochAfterSwitch" classname="com.objwww.pr.control.it.En04ConfigEpochIT" time="0.532">
    <system-out><![CDATA[00:17:31.118 [main] INFO org.testcontainers.DockerClientFactory -- Testcontainers version: 1.20.4
00:17:31.274 [main] INFO org.testcontainers.dockerclient.DockerClientProviderStrategy -- Loaded org.testcontainers.dockerclient.UnixSocketClientProviderStrategy from ~/.testcontainers.properties, will try it first
00:17:31.575 [main] INFO org.testcontainers.dockerclient.DockerClientProviderStrategy -- Found Docker environment with local Unix socket (unix:///var/run/docker.sock)
00:17:31.577 [main] INFO org.testcontainers.DockerClientFactory -- Docker host IP address is localhost
00:17:31.592 [main] INFO org.testcontainers.DockerClientFactory -- Connected to docker: 
  Server Version: 26.1.4
  API Version: 1.45
  Operating System: CentOS Linux 7 (Core)
  Total Memory: 7725 MB
00:17:31.602 [main] INFO org.testcontainers.images.PullPolicy -- Image pull policy will be performed by: DefaultPullPolicy()
00:17:31.603 [main] INFO org.testcontainers.utility.ImageNameSubstitutor -- Image name substitution will be performed by: DefaultImageNameSubstitutor (composite of 'ConfigurationFileImageNameSubstitutor' and 'PrefixingImageNameSubstitutor')
00:17:31.663 [main] INFO tc.testcontainers/ryuk:0.11.0 -- Creating container for image: testcontainers/ryuk:0.11.0
00:17:31.668 [main] INFO org.testcontainers.utility.RegistryAuthLocator -- Failure when attempting to lookup auth config. Please ignore if you don't have images in an authenticated registry. Details: (dockerImageName: testcontainers/ryuk:0.11.0, configFile: /root/.docker/config.json, configEnv: DOCKER_AUTH_CONFIG). Falling back to docker-java default behaviour. Exception message: Status 404: No config supplied. Checked in order: /root/.docker/config.json (file not found), DOCKER_AUTH_CONFIG (not set)
00:17:31.884 [main] INFO tc.testcontainers/ryuk:0.11.0 -- Container testcontainers/ryuk:0.11.0 is starting: e75c1a53f63cacf232210a01640c4aac90004b67e1c5c0925b98418c2aef52a0
00:17:32.160 [main] INFO tc.testcontainers/ryuk:0.11.0 -- Container testcontainers/ryuk:0.11.0 started in PT0.497853449S
00:17:32.165 [main] INFO org.testcontainers.utility.RyukResourceReaper -- Ryuk started - will monitor and terminate Testcontainers containers on JVM exit
00:17:32.166 [main] INFO org.testcontainers.DockerClientFactory -- Checking the system...
00:17:32.166 [main] INFO org.testcontainers.DockerClientFactory -- ✔︎ Docker server version should be at least 1.6.0
00:17:32.192 [main] INFO tc.postgres:16-alpine -- Creating container for image: postgres:16-alpine
00:17:32.254 [main] INFO tc.postgres:16-alpine -- Container postgres:16-alpine is starting: 40b1a29ac13d1a54fee986c496d24863ad5ed0daa203cb2a2e41613a8e5fb4b7
00:17:33.435 [main] INFO tc.postgres:16-alpine -- Container postgres:16-alpine started in PT1.242473513S
00:17:33.436 [main] INFO tc.postgres:16-alpine -- Container is started (JDBC URL: jdbc:postgresql://localhost:33575/test?loggerLevel=OFF)
00:17:33.445 [main] INFO com.zaxxer.hikari.HikariDataSource -- HikariPool-1 - Starting...
00:17:33.676 [main] INFO com.zaxxer.hikari.pool.HikariPool -- HikariPool-1 - Added connection org.postgresql.jdbc.PgConnection@640dc4c6
00:17:33.677 [main] INFO com.zaxxer.hikari.HikariDataSource -- HikariPool-1 - Start completed.
00:17:34.001 [main] INFO org.flywaydb.core.FlywayExecutor -- Database: jdbc:postgresql://localhost:33575/test?loggerLevel=OFF (PostgreSQL 16.15)
00:17:34.091 [main] INFO org.flywaydb.core.internal.schemahistory.JdbcTableSchemaHistory -- Schema history table "public"."flyway_schema_history" does not exist yet
00:17:34.096 [main] INFO org.flywaydb.core.internal.command.DbValidate -- Successfully validated 62 migrations (execution time 00:00.061s)
00:17:34.111 [main] INFO org.flywaydb.core.internal.schemahistory.JdbcTableSchemaHistory -- Creating Schema History table "public"."flyway_schema_history" ...
00:17:34.151 [main] INFO org.flywaydb.core.internal.command.DbMigrate -- Current version of schema "public": << Empty Schema >>
00:17:34.212 [main] INFO org.flywaydb.core.internal.command.DbMigrate -- Migrating schema "public" to version "1 - m0 schema"
00:17:34.309 [main] INFO org.flywaydb.core.internal.command.DbMigrate -- Migrating schema "public" to version "2 - grants"
00:17:34.333 [main] INFO org.flywaydb.core.internal.command.DbMigrate -- Migrating schema "public" to version "3 - m1 inbox reconcile"
00:17:34.368 [main] INFO org.flywaydb.core.internal.command.DbMigrate -- Migrating schema "public" to version "4 - m2 checkpoint repair"
00:17:34.402 [main] INFO org.flywaydb.core.internal.command.DbMigrate -- Migrating schema "public" to version "5 - m3 model governance"
00:17:34.434 [main] INFO org.flywaydb.core.internal.command.DbMigrate -- Migrating schema "public" to version "6 - m4 sandbox"
00:17:34.482 [main] INFO org.flywaydb.core.internal.command.DbMigrate -- Migrating schema "public" to version "7 - am1 alert domain"
00:17:34.539 [main] INFO org.flywaydb.core.internal.command.DbMigrate -- Migrating schema "public" to version "8 - am1 dag reserve"
00:17:34.571 [main] INFO org.flywaydb.core.internal.command.DbMigrate -- Migrating schema "public" to version "9 - am3 eval notify"
00:17:34.653 [main] INFO org.flywaydb.core.internal.command.DbMigrate -- Migrating schema "public" to version "10 - am3 eval run"
00:17:34.680 [main] INFO org.flywaydb.core.internal.command.DbMigrate -- Migrating schema "public" to version "11 - am3 eval readonly"
00:17:34.688 [main] INFO org.flywaydb.core.internal.command.DbMigrate -- Migrating schema "public" to version "12 - am4 state expansion"
00:17:34.700 [main] INFO org.flywaydb.core.internal.command.DbMigrate -- Migrating schema "public" to version "13 - am4 budget ledger"
00:17:34.715 [main] INFO org.flywaydb.core.internal.command.DbMigrate -- Migrating schema "public" to version "14 - am4 rca event"
00:17:34.729 [main] INFO org.flywaydb.core.internal.command.DbMigrate -- Migrating schema "public" to version "15 - am4 tool invocation ledger"
00:17:34.745 [main] INFO org.flywaydb.core.internal.command.DbMigrate -- Migrating schema "public" to version "16 - am4 evidence snapshot"
00:17:34.767 [main] INFO org.flywaydb.core.internal.command.DbMigrate -- Migrating schema "public" to version "17 - am4 claim"
00:17:34.784 [main] INFO org.flywaydb.core.internal.command.DbMigrate -- Migrating schema "public" to version "18 - am4 task edge run scope"
00:17:34.795 [main] INFO org.flywaydb.core.internal.command.DbMigrate -- Migrating schema "public" to version "19 - am4 tool replay"
00:17:34.804 [main] INFO org.flywaydb.core.internal.command.DbMigrate -- Migrating schema "public" to version "20 - am5 dataset version"
00:17:34.822 [main] INFO org.flywaydb.core.internal.command.DbMigrate -- Migrating schema "public" to version "21 - am5 dataset partition"
00:17:34.843 [main] INFO org.flywaydb.core.internal.command.DbMigrate -- Migrating schema "public" to version "22 - am5 golden candidate"
00:17:34.858 [main] INFO org.flywaydb.core.internal.command.DbMigrate -- Migrating schema "public" to version "23 - am5 sampling fingerprint"
00:17:34.865 [main] INFO org.flywaydb.core.internal.command.DbMigrate -- Migrating schema "public" to version "24 - am5 config bundle"
00:17:34.879 [main] INFO org.flywaydb.core.internal.command.DbMigrate -- Migrating schema "public" to version "25 - am5 canary route"
00:17:34.904 [main] INFO org.flywaydb.core.internal.command.DbMigrate -- Migrating schema "public" to version "26 - am5 operator case"
00:17:34.921 [main] INFO org.flywaydb.core.internal.command.DbMigrate -- Migrating schema "public" to version "27 - am5 operator command"
00:17:34.935 [main] INFO org.flywaydb.core.internal.command.DbMigrate -- Migrating schema "public" to version "28 - am5 monthly partition"
00:17:34.974 [main] INFO org.flywaydb.core.internal.command.DbMigrate -- Migrating schema "public" to version "29 - am5 retention archive"
00:17:34.995 [main] INFO org.flywaydb.core.internal.command.DbMigrate -- Migrating schema "public" to version "30 - am6 canary window verdict"
00:17:35.014 [main] INFO org.flywaydb.core.internal.command.DbMigrate -- Migrating schema "public" to version "31 - ba52 canary decision fk deferred"
00:17:35.020 [main] INFO org.flywaydb.core.internal.command.DbMigrate -- Migrating schema "public" to version "32 - am6 engine comparison"
00:17:35.033 [main] INFO org.flywaydb.core.internal.command.DbMigrate -- Migrating schema "public" to version "33 - am6 run fallback"
00:17:35.051 [main] INFO org.flywaydb.core.internal.command.DbMigrate -- Migrating schema "public" to version "34 - am6 engine shadow work"
00:17:35.063 [main] INFO org.flywaydb.core.internal.command.DbMigrate -- Migrating schema "public" to version "35 - m607 holmes wish decision run id nullable"
00:17:35.069 [main] INFO org.flywaydb.core.internal.command.DbMigrate -- Migrating schema "public" to version "36 - exa0 investigation identity"
00:17:35.077 [main] INFO org.flywaydb.core.internal.command.DbMigrate -- Migrating schema "public" to version "37 - exa4a claim kind"
00:17:35.084 [main] INFO org.flywaydb.core.internal.command.DbMigrate -- Migrating schema "public" to version "38 - exa3 tool invocation result ref"
00:17:35.093 [main] INFO org.flywaydb.core.internal.command.DbMigrate -- Migrating schema "public" to version "39 - b21 operator command state widen"
00:17:35.099 [main] INFO org.flywaydb.core.internal.command.DbMigrate -- Migrating schema "public" to version "40 - exb1 change event"
00:17:35.111 [main] INFO org.flywaydb.core.internal.command.DbMigrate -- Migrating schema "public" to version "41 - exa4b incident waiting reason"
00:17:35.116 [main] INFO org.flywaydb.core.internal.command.DbMigrate -- Migrating schema "public" to version "42 - exc3a auth event"
00:17:35.127 [main] INFO org.flywaydb.core.internal.command.DbMigrate -- Migrating schema "public" to version "43 - am7 duty"
00:17:35.164 [main] INFO org.flywaydb.core.internal.command.DbMigrate -- Migrating schema "public" to version "44 - auth1 platform user"
00:17:35.174 [main] INFO org.flywaydb.core.internal.command.DbMigrate -- Migrating schema "public" to version "45 - ui5 eval readonly grants"
00:17:35.181 [main] INFO org.flywaydb.core.internal.command.DbMigrate -- Migrating schema "public" to version "46 - r7x1 task execution binding"
00:17:35.196 [main] INFO org.flywaydb.core.internal.command.DbMigrate -- Migrating schema "public" to version "47 - r7x4 primary state"
00:17:35.214 [main] INFO org.flywaydb.core.internal.command.DbMigrate -- Migrating schema "public" to version "48 - r7a1 rca model call"
00:17:35.227 [main] INFO org.flywaydb.core.internal.command.DbMigrate -- Migrating schema "public" to version "60 - en01 release asset"
00:17:35.235 [main] INFO org.flywaydb.core.internal.command.DbMigrate -- Migrating schema "public" to version "61 - en02 release qualification"
00:17:35.245 [main] INFO org.flywaydb.core.internal.command.DbMigrate -- Migrating schema "public" to version "62 - en09 eval grader version"
00:17:35.252 [main] INFO org.flywaydb.core.internal.command.DbMigrate -- Migrating schema "public" to version "63 - en04 run config epoch"
00:17:35.270 [main] INFO org.flywaydb.core.internal.command.DbMigrate -- Migrating schema "public" to version "64 - en06 mcp server registry"
00:17:35.285 [main] INFO org.flywaydb.core.internal.command.DbMigrate -- Migrating schema "public" to version "80 - ev03 eval projection contract"
00:17:35.300 [main] INFO org.flywaydb.core.internal.command.DbMigrate -- Migrating schema "public" to version "81 - ev04 eval lifecycle"
00:17:35.321 [main] INFO org.flywaydb.core.internal.command.DbMigrate -- Migrating schema "public" to version "82 - ux01 incident classification"
00:17:35.345 [main] INFO org.flywaydb.core.internal.command.DbMigrate -- Migrating schema "public" to version "83 - ux02 duty bot"
00:17:35.360 [main] INFO org.flywaydb.core.internal.command.DbMigrate -- Migrating schema "public" to version "85 - ev07 eval comparison"
00:17:35.379 [main] INFO org.flywaydb.core.internal.command.DbMigrate -- Migrating schema "public" to version "86 - dr02 drill job"
00:17:35.404 [main] INFO org.flywaydb.core.internal.command.DbMigrate -- Migrating schema "public" to version "87 - ev08 eval review"
00:17:35.438 [main] INFO org.flywaydb.core.internal.command.DbMigrate -- Migrating schema "public" to version "88 - r7 checkpoint last error"
00:17:35.445 [main] INFO org.flywaydb.core.internal.command.DbMigrate -- Migrating schema "public" to version "89 - en07 release asset kinds"
00:17:35.457 [main] INFO org.flywaydb.core.internal.command.DbMigrate -- Successfully applied 62 migrations to schema "public", now at version v89 (execution time 00:00.794s)
00:17:35.462 [main] INFO com.zaxxer.hikari.HikariDataSource -- HikariPool-2 - Starting...
00:17:35.471 [main] INFO com.zaxxer.hikari.pool.HikariPool -- HikariPool-2 - Added connection org.postgresql.jdbc.PgConnection@f324455
00:17:35.472 [main] INFO com.zaxxer.hikari.HikariDataSource -- HikariPool-2 - Start completed.
00:17:35.472 [main] INFO com.zaxxer.hikari.HikariDataSource -- HikariPool-3 - Starting...
00:17:35.503 [main] INFO com.zaxxer.hikari.pool.HikariPool -- HikariPool-3 - Added connection org.postgresql.jdbc.PgConnection@34aeacd1
00:17:35.504 [main] INFO com.zaxxer.hikari.HikariDataSource -- HikariPool-3 - Start completed.
00:17:35.504 [main] INFO com.zaxxer.hikari.HikariDataSource -- HikariPool-4 - Starting...
00:17:35.523 [main] INFO com.zaxxer.hikari.pool.HikariPool -- HikariPool-4 - Added connection org.postgresql.jdbc.PgConnection@43e065f2
00:17:35.523 [main] INFO com.zaxxer.hikari.HikariDataSource -- HikariPool-4 - Start completed.
00:17:35.523 [main] INFO com.zaxxer.hikari.HikariDataSource -- HikariPool-5 - Starting...
00:17:35.540 [main] INFO com.zaxxer.hikari.pool.HikariPool -- HikariPool-5 - Added connection org.postgresql.jdbc.PgConnection@791c12e3
00:17:35.541 [main] INFO com.zaxxer.hikari.HikariDataSource -- HikariPool-5 - Start completed.
]]></system-out>
  </testcase>
  <testcase name="commandCasFromGuardAndOverdueScan" classname="com.objwww.pr.control.it.En04ConfigEpochIT" time="0.186"/>
  <testcase name="appendRaceOnSameEpochExactlyOneWinner" classname="com.objwww.pr.control.it.En04ConfigEpochIT" time="0.189"/>
  <testcase name="insertRoutedSeedsAdmissionEpochZero" classname="com.objwww.pr.control.it.En04ConfigEpochIT" time="0.146"/>
</testsuite>