<?xml version="1.0" encoding="UTF-8"?>
<testsuite xmlns:xsi="http://www.w3.org/2001/XMLSchema-instance" xsi:noNamespaceSchemaLocation="https://maven.apache.org/surefire/maven-failsafe-plugin/xsd/failsafe-test-report.xsd" version="3.0.2" name="com.objwww.pr.control.it.PostgresDutyBotIT" time="4.506" tests="5" errors="0" skipped="0" failures="3">
  <properties>
[...]
</properties>
  <testcase name="seqCursorPagination" classname="com.objwww.pr.control.it.PostgresDutyBotIT" time="0.279">
    <system-out><![CDATA[13:50:48.589 [main] INFO org.testcontainers.DockerClientFactory -- Testcontainers version: 1.20.4
13:50:48.813 [main] INFO org.testcontainers.dockerclient.DockerClientProviderStrategy -- Loaded org.testcontainers.dockerclient.UnixSocketClientProviderStrategy from ~/.testcontainers.properties, will try it first
13:50:49.244 [main] INFO org.testcontainers.dockerclient.DockerClientProviderStrategy -- Found Docker environment with local Unix socket (unix:///var/run/docker.sock)
13:50:49.246 [main] INFO org.testcontainers.DockerClientFactory -- Docker host IP address is localhost
13:50:49.265 [main] INFO org.testcontainers.DockerClientFactory -- Connected to docker: 
  Server Version: 26.1.4
  API Version: 1.45
  Operating System: CentOS Linux 7 (Core)
  Total Memory: 7725 MB
13:50:49.279 [main] INFO org.testcontainers.images.PullPolicy -- Image pull policy will be performed by: DefaultPullPolicy()
13:50:49.281 [main] INFO org.testcontainers.utility.ImageNameSubstitutor -- Image name substitution will be performed by: DefaultImageNameSubstitutor (composite of 'ConfigurationFileImageNameSubstitutor' and 'PrefixingImageNameSubstitutor')
13:50:49.395 [main] INFO tc.testcontainers/ryuk:0.11.0 -- Creating container for image: testcontainers/ryuk:0.11.0
13:50:49.400 [main] INFO org.testcontainers.utility.RegistryAuthLocator -- Failure when attempting to lookup auth config. Please ignore if you don't have images in an authenticated registry. Details: (dockerImageName: testcontainers/ryuk:0.11.0, configFile: /root/.docker/config.json, configEnv: DOCKER_AUTH_CONFIG). Falling back to docker-java default behaviour. Exception message: Status 404: No config supplied. Checked in order: /root/.docker/config.json (file not found), DOCKER_AUTH_CONFIG (not set)
13:50:49.578 [main] INFO tc.testcontainers/ryuk:0.11.0 -- Container testcontainers/ryuk:0.11.0 is starting: 413bc565412ca482ca1a887c83c40a9fcb96ba47f40953ddf6b6a50c36372209
13:50:49.974 [main] INFO tc.testcontainers/ryuk:0.11.0 -- Container testcontainers/ryuk:0.11.0 started in PT0.579249391S
13:50:49.984 [main] INFO org.testcontainers.utility.RyukResourceReaper -- Ryuk started - will monitor and terminate Testcontainers containers on JVM exit
13:50:49.984 [main] INFO org.testcontainers.DockerClientFactory -- Checking the system...
13:50:49.985 [main] INFO org.testcontainers.DockerClientFactory -- ✔︎ Docker server version should be at least 1.6.0
13:50:50.015 [main] INFO tc.postgres:16-alpine -- Creating container for image: postgres:16-alpine
13:50:50.105 [main] INFO tc.postgres:16-alpine -- Container postgres:16-alpine is starting: 406477b16adf4584c1624b32c0f00e43a317675487ae29a6bbbba270f25e2515
13:50:51.522 [main] INFO tc.postgres:16-alpine -- Container postgres:16-alpine started in PT1.506114418S
13:50:51.522 [main] INFO tc.postgres:16-alpine -- Container is started (JDBC URL: jdbc:postgresql://localhost:33521/test?loggerLevel=OFF)
13:50:51.532 [main] INFO com.zaxxer.hikari.HikariDataSource -- HikariPool-1 - Starting...
13:50:51.816 [main] INFO com.zaxxer.hikari.pool.HikariPool -- HikariPool-1 - Added connection org.postgresql.jdbc.PgConnection@24e08d59
13:50:51.818 [main] INFO com.zaxxer.hikari.HikariDataSource -- HikariPool-1 - Start completed.
13:50:52.109 [main] INFO org.flywaydb.core.FlywayExecutor -- Database: jdbc:postgresql://localhost:33521/test?loggerLevel=OFF (PostgreSQL 16.15)
13:50:52.182 [main] INFO org.flywaydb.core.internal.schemahistory.JdbcTableSchemaHistory -- Schema history table "public"."flyway_schema_history" does not exist yet
13:50:52.188 [main] INFO org.flywaydb.core.internal.command.DbValidate -- Successfully validated 54 migrations (execution time 00:00.050s)
13:50:52.202 [main] INFO org.flywaydb.core.internal.schemahistory.JdbcTableSchemaHistory -- Creating Schema History table "public"."flyway_schema_history" ...
13:50:52.245 [main] INFO org.flywaydb.core.internal.command.DbMigrate -- Current version of schema "public": << Empty Schema >>
13:50:52.312 [main] INFO org.flywaydb.core.internal.command.DbMigrate -- Migrating schema "public" to version "1 - m0 schema"
13:50:52.469 [main] INFO org.flywaydb.core.internal.command.DbMigrate -- Migrating schema "public" to version "2 - grants"
13:50:52.498 [main] INFO org.flywaydb.core.internal.command.DbMigrate -- Migrating schema "public" to version "3 - m1 inbox reconcile"
13:50:52.537 [main] INFO org.flywaydb.core.internal.command.DbMigrate -- Migrating schema "public" to version "4 - m2 checkpoint repair"
13:50:52.574 [main] INFO org.flywaydb.core.internal.command.DbMigrate -- Migrating schema "public" to version "5 - m3 model governance"
13:50:52.601 [main] INFO org.flywaydb.core.internal.command.DbMigrate -- Migrating schema "public" to version "6 - m4 sandbox"
13:50:52.665 [main] INFO org.flywaydb.core.internal.command.DbMigrate -- Migrating schema "public" to version "7 - am1 alert domain"
13:50:52.736 [main] INFO org.flywaydb.core.internal.command.DbMigrate -- Migrating schema "public" to version "8 - am1 dag reserve"
13:50:52.760 [main] INFO org.flywaydb.core.internal.command.DbMigrate -- Migrating schema "public" to version "9 - am3 eval notify"
13:50:52.808 [main] INFO org.flywaydb.core.internal.command.DbMigrate -- Migrating schema "public" to version "10 - am3 eval run"
13:50:52.829 [main] INFO org.flywaydb.core.internal.command.DbMigrate -- Migrating schema "public" to version "11 - am3 eval readonly"
13:50:52.836 [main] INFO org.flywaydb.core.internal.command.DbMigrate -- Migrating schema "public" to version "12 - am4 state expansion"
13:50:52.847 [main] INFO org.flywaydb.core.internal.command.DbMigrate -- Migrating schema "public" to version "13 - am4 budget ledger"
13:50:52.868 [main] INFO org.flywaydb.core.internal.command.DbMigrate -- Migrating schema "public" to version "14 - am4 rca event"
13:50:52.887 [main] INFO org.flywaydb.core.internal.command.DbMigrate -- Migrating schema "public" to version "15 - am4 tool invocation ledger"
13:50:52.906 [main] INFO org.flywaydb.core.internal.command.DbMigrate -- Migrating schema "public" to version "16 - am4 evidence snapshot"
13:50:52.932 [main] INFO org.flywaydb.core.internal.command.DbMigrate -- Migrating schema "public" to version "17 - am4 claim"
13:50:52.949 [main] INFO org.flywaydb.core.internal.command.DbMigrate -- Migrating schema "public" to version "18 - am4 task edge run scope"
13:50:52.961 [main] INFO org.flywaydb.core.internal.command.DbMigrate -- Migrating schema "public" to version "19 - am4 tool replay"
13:50:52.972 [main] INFO org.flywaydb.core.internal.command.DbMigrate -- Migrating schema "public" to version "20 - am5 dataset version"
13:50:52.989 [main] INFO org.flywaydb.core.internal.command.DbMigrate -- Migrating schema "public" to version "21 - am5 dataset partition"
13:50:53.009 [main] INFO org.flywaydb.core.internal.command.DbMigrate -- Migrating schema "public" to version "22 - am5 golden candidate"
13:50:53.026 [main] INFO org.flywaydb.core.internal.command.DbMigrate -- Migrating schema "public" to version "23 - am5 sampling fingerprint"
13:50:53.034 [main] INFO org.flywaydb.core.internal.command.DbMigrate -- Migrating schema "public" to version "24 - am5 config bundle"
13:50:53.054 [main] INFO org.flywaydb.core.internal.command.DbMigrate -- Migrating schema "public" to version "25 - am5 canary route"
13:50:53.071 [main] INFO org.flywaydb.core.internal.command.DbMigrate -- Migrating schema "public" to version "26 - am5 operator case"
13:50:53.085 [main] INFO org.flywaydb.core.internal.command.DbMigrate -- Migrating schema "public" to version "27 - am5 operator command"
13:50:53.099 [main] INFO org.flywaydb.core.internal.command.DbMigrate -- Migrating schema "public" to version "28 - am5 monthly partition"
13:50:53.129 [main] INFO org.flywaydb.core.internal.command.DbMigrate -- Migrating schema "public" to version "29 - am5 retention archive"
13:50:53.167 [main] INFO org.flywaydb.core.internal.command.DbMigrate -- Migrating schema "public" to version "30 - am6 canary window verdict"
13:50:53.204 [main] INFO org.flywaydb.core.internal.command.DbMigrate -- Migrating schema "public" to version "31 - ba52 canary decision fk deferred"
13:50:53.211 [main] INFO org.flywaydb.core.internal.command.DbMigrate -- Migrating schema "public" to version "32 - am6 engine comparison"
13:50:53.231 [main] INFO org.flywaydb.core.internal.command.DbMigrate -- Migrating schema "public" to version "33 - am6 run fallback"
13:50:53.253 [main] INFO org.flywaydb.core.internal.command.DbMigrate -- Migrating schema "public" to version "34 - am6 engine shadow work"
13:50:53.265 [main] INFO org.flywaydb.core.internal.command.DbMigrate -- Migrating schema "public" to version "35 - m607 holmes wish decision run id nullable"
13:50:53.272 [main] INFO org.flywaydb.core.internal.command.DbMigrate -- Migrating schema "public" to version "36 - exa0 investigation identity"
13:50:53.279 [main] INFO org.flywaydb.core.internal.command.DbMigrate -- Migrating schema "public" to version "37 - exa4a claim kind"
13:50:53.285 [main] INFO org.flywaydb.core.internal.command.DbMigrate -- Migrating schema "public" to version "38 - exa3 tool invocation result ref"
13:50:53.294 [main] INFO org.flywaydb.core.internal.command.DbMigrate -- Migrating schema "public" to version "39 - b21 operator command state widen"
13:50:53.302 [main] INFO org.flywaydb.core.internal.command.DbMigrate -- Migrating schema "public" to version "40 - exb1 change event"
13:50:53.314 [main] INFO org.flywaydb.core.internal.command.DbMigrate -- Migrating schema "public" to version "41 - exa4b incident waiting reason"
13:50:53.319 [main] INFO org.flywaydb.core.internal.command.DbMigrate -- Migrating schema "public" to version "42 - exc3a auth event"
13:50:53.330 [main] INFO org.flywaydb.core.internal.command.DbMigrate -- Migrating schema "public" to version "43 - am7 duty"
13:50:53.371 [main] INFO org.flywaydb.core.internal.command.DbMigrate -- Migrating schema "public" to version "44 - auth1 platform user"
13:50:53.380 [main] INFO org.flywaydb.core.internal.command.DbMigrate -- Migrating schema "public" to version "45 - ui5 eval readonly grants"
13:50:53.387 [main] INFO org.flywaydb.core.internal.command.DbMigrate -- Migrating schema "public" to version "46 - r7x1 task execution binding"
13:50:53.404 [main] INFO org.flywaydb.core.internal.command.DbMigrate -- Migrating schema "public" to version "47 - r7x4 primary state"
13:50:53.421 [main] INFO org.flywaydb.core.internal.command.DbMigrate -- Migrating schema "public" to version "48 - r7a1 rca model call"
13:50:53.434 [main] INFO org.flywaydb.core.internal.command.DbMigrate -- Migrating schema "public" to version "80 - ev03 eval projection contract"
13:50:53.447 [main] INFO org.flywaydb.core.internal.command.DbMigrate -- Migrating schema "public" to version "81 - ev04 eval lifecycle"
13:50:53.461 [main] INFO org.flywaydb.core.internal.command.DbMigrate -- Migrating schema "public" to version "82 - ux01 incident classification"
13:50:53.480 [main] INFO org.flywaydb.core.internal.command.DbMigrate -- Migrating schema "public" to version "83 - ux02 duty bot"
13:50:53.496 [main] INFO org.flywaydb.core.internal.command.DbMigrate -- Migrating schema "public" to version "85 - ev07 eval comparison"
13:50:53.509 [main] INFO org.flywaydb.core.internal.command.DbMigrate -- Migrating schema "public" to version "86 - dr02 drill job"
13:50:53.534 [main] INFO org.flywaydb.core.internal.command.DbMigrate -- Successfully applied 54 migrations to schema "public", now at version v86 (execution time 00:00.784s)
13:50:53.539 [main] INFO com.zaxxer.hikari.HikariDataSource -- HikariPool-2 - Starting...
13:50:53.551 [main] INFO com.zaxxer.hikari.pool.HikariPool -- HikariPool-2 - Added connection org.postgresql.jdbc.PgConnection@4afbb6c2
13:50:53.552 [main] INFO com.zaxxer.hikari.HikariDataSource -- HikariPool-2 - Start completed.
13:50:53.552 [main] INFO com.zaxxer.hikari.HikariDataSource -- HikariPool-3 - Starting...
13:50:53.564 [main] INFO com.zaxxer.hikari.pool.HikariPool -- HikariPool-3 - Added connection org.postgresql.jdbc.PgConnection@5399f6c5
13:50:53.564 [main] INFO com.zaxxer.hikari.HikariDataSource -- HikariPool-3 - Start completed.
13:50:53.564 [main] INFO com.zaxxer.hikari.HikariDataSource -- HikariPool-4 - Starting...
13:50:53.573 [main] INFO com.zaxxer.hikari.pool.HikariPool -- HikariPool-4 - Added connection org.postgresql.jdbc.PgConnection@fb2e3fd
13:50:53.573 [main] INFO com.zaxxer.hikari.HikariDataSource -- HikariPool-4 - Start completed.
13:50:53.574 [main] INFO com.zaxxer.hikari.HikariDataSource -- HikariPool-5 - Starting...
13:50:53.586 [main] INFO com.zaxxer.hikari.pool.HikariPool -- HikariPool-5 - Added connection org.postgresql.jdbc.PgConnection@dd71b20
13:50:53.587 [main] INFO com.zaxxer.hikari.HikariDataSource -- HikariPool-5 - Start completed.
]]></system-out>
  </testcase>
  <testcase name="grantMatrix" classname="com.objwww.pr.control.it.PostgresDutyBotIT" time="0.159">
    <failure message="&#10;Expecting actual throwable to be an instance of:&#10;  org.springframework.dao.PermissionDeniedDataAccessException&#10;but was:&#10;  org.springframework.jdbc.BadSqlGrammarException: PreparedStatementCallback; bad SQL grammar [update chat_session set title = &apos;x&apos; where id = ?]&#10;	at org.springframework.jdbc.support.SQLStateSQLExceptionTranslator.doTranslate(SQLStateSQLExceptionTranslator.java:112)&#10;	at org.springframework.jdbc.support.AbstractFallbackSQLExceptionTranslator.translate(AbstractFallbackSQLExceptionTranslator.java:107)&#10;	at org.springframework.jdbc.support.AbstractFallbackSQLExceptionTranslator.translate(AbstractFallbackSQLExceptionTranslator.java:116)&#10;	...(81 remaining lines not displayed - this can be changed with Assertions.setMaxStackTraceElementsDisplayed)" type="java.lang.AssertionError"><![CDATA[java.lang.AssertionError: 

Expecting actual throwable to be an instance of:
  org.springframework.dao.PermissionDeniedDataAccessException
but was:
  org.springframework.jdbc.BadSqlGrammarException: PreparedStatementCallback; bad SQL grammar [update chat_session set title = 'x' where id = ?]
	at org.springframework.jdbc.support.SQLStateSQLExceptionTranslator.doTranslate(SQLStateSQLExceptionTranslator.java:112)
	at org.springframework.jdbc.support.AbstractFallbackSQLExceptionTranslator.translate(AbstractFallbackSQLExceptionTranslator.java:107)
	at org.springframework.jdbc.support.AbstractFallbackSQLExceptionTranslator.translate(AbstractFallbackSQLExceptionTranslator.java:116)
	...(81 remaining lines not displayed - this can be changed with Assertions.setMaxStackTraceElementsDisplayed)
	at com.objwww.pr.control.it.PostgresDutyBotIT.grantMatrix(PostgresDutyBotIT.java:90)
	at java.base/java.lang.reflect.Method.invoke(Method.java:580)
	at java.base/java.util.ArrayList.forEach(ArrayList.java:1596)
	at java.base/java.util.ArrayList.forEach(ArrayList.java:1596)
]]></failure>
  </testcase>
  <testcase name="clientMessageIdUnique" classname="com.objwww.pr.control.it.PostgresDutyBotIT" time="0.183">
    <failure message="&#10;expected: 4L&#10; but was: 3L" type="org.opentest4j.AssertionFailedError"><![CDATA[org.opentest4j.AssertionFailedError: 

expected: 4L
 but was: 3L
	at com.objwww.pr.control.it.PostgresDutyBotIT.clientMessageIdUnique(PostgresDutyBotIT.java:73)
	at java.base/java.lang.reflect.Method.invoke(Method.java:580)
	at java.base/java.util.ArrayList.forEach(ArrayList.java:1596)
	at java.base/java.util.ArrayList.forEach(ArrayList.java:1596)
]]></failure>
  </testcase>
  <testcase name="replayPairingAndRefsRoundTrip" classname="com.objwww.pr.control.it.PostgresDutyBotIT" time="0.148"/>
  <testcase name="checkConstraints" classname="com.objwww.pr.control.it.PostgresDutyBotIT" time="0.115">
    <failure message="&#10;Expecting throwable message:&#10;  &quot;PreparedStatementCallback; SQL [insert into chat_message (id, session_id, role, content, intent,&#10;    client_message_id, created_at)&#10;values (?, ?, ?, ?, ?, ?, ?)&#10;]; ERROR: new row for relation &quot;chat_message&quot; violates check constraint &quot;ck_chat_message_intent&quot;&#10;  Detail: Failing row contains (c511f8e0-a89d-40da-90fd-83b53fa419bd, 1, 36cbd62c-b216-4293-a105-316084c9f22c, bot, x, HELP, null, null, 2026-09-11 10:00:00+08).&quot;&#10;to contain:&#10;  &quot;ck_chat_message_role&quot;&#10;but did not.&#10;&#10;Throwable that failed the check:&#10;&#10;org.springframework.dao.DataIntegrityViolationException: PreparedStatementCallback; SQL [insert into chat_message (id, session_id, role, content, intent,&#10;    client_message_id, created_at)&#10;values (?, ?, ?, ?, ?, ?, ?)&#10;]; ERROR: new row for relation &quot;chat_message&quot; violates check constraint &quot;ck_chat_message_intent&quot;&#10;  Detail: Failing row contains (c511f8e0-a89d-40da-90fd-83b53fa419bd, 1, 36cbd62c-b216-4293-a105-316084c9f22c, bot, x, HELP, null, null, 2026-09-11 10:00:00+08).&#10;	at org.springframework.jdbc.support.SQLStateSQLExceptionTranslator.doTranslate(SQLStateSQLExceptionTranslator.java:118)&#10;	at org.springframework.jdbc.support.AbstractFallbackSQLExceptionTranslator.translate(AbstractFallbackSQLExceptionTranslator.java:107)&#10;	at org.springframework.jdbc.support.AbstractFallbackSQLExceptionTranslator.translate(AbstractFallbackSQLExceptionTranslator.java:116)&#10;	at org.springframework.jdbc.core.JdbcTemplate.translateException(JdbcTemplate.java:1556)&#10;	at org.springframework.jdbc.core.JdbcTemplate.execute(JdbcTemplate.java:677)&#10;	at org.springframework.jdbc.core.JdbcTemplate.update(JdbcTemplate.java:972)&#10;	at org.springframework.jdbc.core.JdbcTemplate.update(JdbcTemplate.java:993)&#10;	at org.springframework.jdbc.core.namedparam.NamedParameterJdbcTemplate.update(NamedParameterJdbcTemplate.java:337)&#10;	at org.springframework.jdbc.core.simple.DefaultJdbcClient$DefaultStatementSpec.update(DefaultJdbcClient.java:237)&#10;	at com.objwww.pr.control.it.PostgresDutyBotIT.rawMessage(PostgresDutyBotIT.java:171)&#10;	at com.objwww.pr.control.it.PostgresDutyBotIT.lambda$checkConstraints$0(PostgresDutyBotIT.java:43)&#10;	at org.assertj.core.api.ThrowableAssert.catchThrowable(ThrowableAssert.java:63)&#10;	at org.assertj.core.api.AssertionsForClassTypes.catchThrowable(AssertionsForClassTypes.java:904)&#10;	at org.assertj.core.api.Assertions.catchThrowable(Assertions.java:1470)&#10;	at org.assertj.core.api.Assertions.assertThatThrownBy(Assertions.java:1313)&#10;	at com.objwww.pr.control.it.PostgresDutyBotIT.checkConstraints(PostgresDutyBotIT.java:43)&#10;	at java.base/jdk.internal.reflect.DirectMethodHandleAccessor.invoke(DirectMethodHandleAccessor.java:103)&#10;	at java.base/java.lang.reflect.Method.invoke(Method.java:580)&#10;	at org.junit.platform.commons.util.ReflectionUtils.invokeMethod(ReflectionUtils.java:767)&#10;	at org.junit.jupiter.engine.execution.MethodInvocation.proceed(MethodInvocation.java:60)&#10;	at org.junit.jupiter.engine.execution.InvocationInterceptorChain$ValidatingInvocation.proceed(InvocationInterceptorChain.java:131)&#10;	at org.junit.jupiter.engine.extension.TimeoutExtension.intercept(TimeoutExtension.java:156)&#10;	at org.junit.jupiter.engine.extension.TimeoutExtension.interceptTestableMethod(TimeoutExtension.java:147)&#10;	at org.junit.jupiter.engine.extension.TimeoutExtension.interceptTestMethod(TimeoutExtension.java:86)&#10;	at org.junit.jupiter.engine.execution.InterceptingExecutableInvoker$ReflectiveInterceptorCall.lambda$ofVoidMethod$0(InterceptingExecutableInvoker.java:103)&#10;	at org.junit.jupiter.engine.execution.InterceptingExecutableInvoker.lambda$invoke$0(InterceptingExecutableInvoker.java:93)&#10;	at org.junit.jupiter.engine.execution.InvocationInterceptorChain$InterceptedInvocation.proceed(InvocationInterceptorChain.java:106)&#10;	at org.junit.jupiter.engine.execution.InvocationInterceptorChain.proceed(InvocationInterceptorChain.java:64)&#10;	at org.junit.jupiter.engine.execution.InvocationInterceptorChain.chainAndInvoke(InvocationInterceptorChain.java:45)&#10;	at org.junit.jupiter.engine.execution.InvocationInterceptorChain.invoke(InvocationInterceptorChain.java:37)&#10;	at org.junit.jupiter.engine.execution.InterceptingExecutableInvoker.invoke(InterceptingExecutableInvoker.java:92)&#10;	at org.junit.jupiter.engine.execution.InterceptingExecutableInvoker.invoke(InterceptingExecutableInvoker.java:86)&#10;	at org.junit.jupiter.engine.descriptor.TestMethodTestDescriptor.lambda$invokeTestMethod$8(TestMethodTestDescriptor.java:217)&#10;	at org.junit.platform.engine.support.hierarchical.ThrowableCollector.execute(ThrowableCollector.java:73)&#10;	at org.junit.jupiter.engine.descriptor.TestMethodTestDescriptor.invokeTestMethod(TestMethodTestDescriptor.java:213)&#10;	at org.junit.jupiter.engine.descriptor.TestMethodTestDescriptor.execute(TestMethodTestDescriptor.java:138)&#10;	at org.junit.jupiter.engine.descriptor.TestMethodTestDescriptor.execute(TestMethodTestDescriptor.java:68)&#10;	at org.junit.platform.engine.support.hierarchical.NodeTestTask.lambda$executeRecursively$6(NodeTestTask.java:156)&#10;	at org.junit.platform.engine.support.hierarchical.ThrowableCollector.execute(ThrowableCollector.java:73)&#10;	at org.junit.platform.engine.support.hierarchical.NodeTestTask.lambda$executeRecursively$8(NodeTestTask.java:146)&#10;	at org.junit.platform.engine.support.hierarchical.Node.around(Node.java:137)&#10;	at org.junit.platform.engine.support.hierarchical.NodeTestTask.lambda$executeRecursively$9(NodeTestTask.java:144)&#10;	at org.junit.platform.engine.support.hierarchical.ThrowableCollector.execute(ThrowableCollector.java:73)&#10;	at org.junit.platform.engine.support.hierarchical.NodeTestTask.executeRecursively(NodeTestTask.java:143)&#10;	at org.junit.platform.engine.support.hierarchical.NodeTestTask.execute(NodeTestTask.java:100)&#10;	at java.base/java.util.ArrayList.forEach(ArrayList.java:1596)&#10;	at org.junit.platform.engine.support.hierarchical.SameThreadHierarchicalTestExecutorService.invokeAll(SameThreadHierarchicalTestExecutorService.java:41)&#10;	at org.junit.platform.engine.support.hierarchical.NodeTestTask.lambda$executeRecursively$6(NodeTestTask.java:160)&#10;	at org.junit.platform.engine.support.hierarchical.ThrowableCollector.execute(ThrowableCollector.java:73)&#10;	at org.junit.platform.engine.support.hierarchical.NodeTestTask.lambda$executeRecursively$8(NodeTestTask.java:146)&#10;	at org.junit.platform.engine.support.hierarchical.Node.around(Node.java:137)&#10;	at org.junit.platform.engine.support.hierarchical.NodeTestTask.lambda$executeRecursively$9(NodeTestTask.java:144)&#10;	at org.junit.platform.engine.support.hierarchical.ThrowableCollector.execute(ThrowableCollector.java:73)&#10;	at org.junit.platform.engine.support.hierarchical.NodeTestTask.executeRecursively(NodeTestTask.java:143)&#10;	at org.junit.platform.engine.support.hierarchical.NodeTestTask.execute(NodeTestTask.java:100)&#10;	at java.base/java.util.ArrayList.forEach(ArrayList.java:1596)&#10;	at org.junit.platform.engine.support.hierarchical.SameThreadHierarchicalTestExecutorService.invokeAll(SameThreadHierarchicalTestExecutorService.java:41)&#10;	at org.junit.platform.engine.support.hierarchical.NodeTestTask.lambda$executeRecursively$6(NodeTestTask.java:160)&#10;	at org.junit.platform.engine.support.hierarchical.ThrowableCollector.execute(ThrowableCollector.java:73)&#10;	at org.junit.platform.engine.support.hierarchical.NodeTestTask.lambda$executeRecursively$8(NodeTestTask.java:146)&#10;	at org.junit.platform.engine.support.hierarchical.Node.around(Node.java:137)&#10;	at org.junit.platform.engine.support.hierarchical.NodeTestTask.lambda$executeRecursively$9(NodeTestTask.java:144)&#10;	at org.junit.platform.engine.support.hierarchical.ThrowableCollector.execute(ThrowableCollector.java:73)&#10;	at org.junit.platform.engine.support.hierarchical.NodeTestTask.executeRecursively(NodeTestTask.java:143)&#10;	at org.junit.platform.engine.support.hierarchical.NodeTestTask.execute(NodeTestTask.java:100)&#10;	at org.junit.platform.engine.support.hierarchical.SameThreadHierarchicalTestExecutorService.submit(SameThreadHierarchicalTestExecutorService.java:35)&#10;	at org.junit.platform.engine.support.hierarchical.HierarchicalTestExecutor.execute(HierarchicalTestExecutor.java:57)&#10;	at org.junit.platform.engine.support.hierarchical.HierarchicalTestEngine.execute(HierarchicalTestEngine.java:54)&#10;	at org.junit.platform.launcher.core.EngineExecutionOrchestrator.execute(EngineExecutionOrchestrator.java:198)&#10;	at org.junit.platform.launcher.core.EngineExecutionOrchestrator.execute(EngineExecutionOrchestrator.java:169)&#10;	at org.junit.platform.launcher.core.EngineExecutionOrchestrator.execute(EngineExecutionOrchestrator.java:93)&#10;	at org.junit.platform.launcher.core.EngineExecutionOrchestrator.lambda$execute$0(EngineExecutionOrchestrator.java:58)&#10;	at org.junit.platform.launcher.core.EngineExecutionOrchestrator.withInterceptedStreams(EngineExecutionOrchestrator.java:141)&#10;	at org.junit.platform.launcher.core.EngineExecutionOrchestrator.execute(EngineExecutionOrchestrator.java:57)&#10;	at org.junit.platform.launcher.core.DefaultLauncher.execute(DefaultLauncher.java:103)&#10;	at org.junit.platform.launcher.core.DefaultLauncher.execute(DefaultLauncher.java:85)&#10;	at org.junit.platform.launcher.core.DelegatingLauncher.execute(DelegatingLauncher.java:47)&#10;	at org.apache.maven.surefire.junitplatform.LazyLauncher.execute(LazyLauncher.java:56)&#10;	at org.apache.maven.surefire.junitplatform.JUnitPlatformProvider.execute(JUnitPlatformProvider.java:194)&#10;	at org.apache.maven.surefire.junitplatform.JUnitPlatformProvider.invokeAllTests(JUnitPlatformProvider.java:150)&#10;	at org.apache.maven.surefire.junitplatform.JUnitPlatformProvider.invoke(JUnitPlatformProvider.java:124)&#10;	at org.apache.maven.surefire.booter.ForkedBooter.runSuitesInProcess(ForkedBooter.java:385)&#10;	at org.apache.maven.surefire.booter.ForkedBooter.execute(ForkedBooter.java:162)&#10;	at org.apache.maven.surefire.booter.ForkedBooter.run(ForkedBooter.java:507)&#10;	at org.apache.maven.surefire.booter.ForkedBooter.main(ForkedBooter.java:495)&#10;Caused by: org.postgresql.util.PSQLException: ERROR: new row for relation &quot;chat_message&quot; violates check constraint &quot;ck_chat_message_intent&quot;&#10;  Detail: Failing row contains (c511f8e0-a89d-40da-90fd-83b53fa419bd, 1, 36cbd62c-b216-4293-a105-316084c9f22c, bot, x, HELP, null, null, 2026-09-11 10:00:00+08).&#10;	at org.postgresql.core.v3.QueryExecutorImpl.receiveErrorResponse(QueryExecutorImpl.java:2733)&#10;	at org.postgresql.core.v3.QueryExecutorImpl.processResults(QueryExecutorImpl.java:2420)&#10;	at org.postgresql.core.v3.QueryExecutorImpl.execute(QueryExecutorImpl.java:372)&#10;	at org.postgresql.jdbc.PgStatement.executeInternal(PgStatement.java:517)&#10;	at org.postgresql.jdbc.PgStatement.execute(PgStatement.java:434)&#10;	at org.postgresql.jdbc.PgPreparedStatement.executeWithFlags(PgPreparedStatement.java:194)&#10;	at org.postgresql.jdbc.PgPreparedStatement.executeUpdate(PgPreparedStatement.java:155)&#10;	at com.zaxxer.hikari.pool.ProxyPreparedStatement.executeUpdate(ProxyPreparedStatement.java:61)&#10;	at com.zaxxer.hikari.pool.HikariProxyPreparedStatement.executeUpdate(HikariProxyPreparedStatement.java)&#10;	at org.springframework.jdbc.core.JdbcTemplate.lambda$update$2(JdbcTemplate.java:977)&#10;	at org.springframework.jdbc.core.JdbcTemplate.execute(JdbcTemplate.java:658)&#10;	... 80 more&#10;" type="java.lang.AssertionError"><![CDATA[java.lang.AssertionError: 

Expecting throwable message:
  "PreparedStatementCallback; SQL [insert into chat_message (id, session_id, role, content, intent,
    client_message_id, created_at)
values (?, ?, ?, ?, ?, ?, ?)
]; ERROR: new row for relation "chat_message" violates check constraint "ck_chat_message_intent"
  Detail: Failing row contains (c511f8e0-a89d-40da-90fd-83b53fa419bd, 1, 36cbd62c-b216-4293-a105-316084c9f22c, bot, x, HELP, null, null, 2026-09-11 10:00:00+08)."
to contain:
  "ck_chat_message_role"
but did not.

Throwable that failed the check:

org.springframework.dao.DataIntegrityViolationException: PreparedStatementCallback; SQL [insert into chat_message (id, session_id, role, content, intent,
    client_message_id, created_at)
values (?, ?, ?, ?, ?, ?, ?)
]; ERROR: new row for relation "chat_message" violates check constraint "ck_chat_message_intent"
  Detail: Failing row contains (c511f8e0-a89d-40da-90fd-83b53fa419bd, 1, 36cbd62c-b216-4293-a105-316084c9f22c, bot, x, HELP, null, null, 2026-09-11 10:00:00+08).
	at org.springframework.jdbc.support.SQLStateSQLExceptionTranslator.doTranslate(SQLStateSQLExceptionTranslator.java:118)
	at org.springframework.jdbc.support.AbstractFallbackSQLExceptionTranslator.translate(AbstractFallbackSQLExceptionTranslator.java:107)
	at org.springframework.jdbc.support.AbstractFallbackSQLExceptionTranslator.translate(AbstractFallbackSQLExceptionTranslator.java:116)
	at org.springframework.jdbc.core.JdbcTemplate.translateException(JdbcTemplate.java:1556)
	at org.springframework.jdbc.core.JdbcTemplate.execute(JdbcTemplate.java:677)
	at org.springframework.jdbc.core.JdbcTemplate.update(JdbcTemplate.java:972)
	at org.springframework.jdbc.core.JdbcTemplate.update(JdbcTemplate.java:993)
	at org.springframework.jdbc.core.namedparam.NamedParameterJdbcTemplate.update(NamedParameterJdbcTemplate.java:337)
	at org.springframework.jdbc.core.simple.DefaultJdbcClient$DefaultStatementSpec.update(DefaultJdbcClient.java:237)
	at com.objwww.pr.control.it.PostgresDutyBotIT.rawMessage(PostgresDutyBotIT.java:171)
	at com.objwww.pr.control.it.PostgresDutyBotIT.lambda$checkConstraints$0(PostgresDutyBotIT.java:43)
	at org.assertj.core.api.ThrowableAssert.catchThrowable(ThrowableAssert.java:63)
	at org.assertj.core.api.AssertionsForClassTypes.catchThrowable(AssertionsForClassTypes.java:904)
	at org.assertj.core.api.Assertions.catchThrowable(Assertions.java:1470)
	at org.assertj.core.api.Assertions.assertThatThrownBy(Assertions.java:1313)
	at com.objwww.pr.control.it.PostgresDutyBotIT.checkConstraints(PostgresDutyBotIT.java:43)
	at java.base/jdk.internal.reflect.DirectMethodHandleAccessor.invoke(DirectMethodHandleAccessor.java:103)
	at java.base/java.lang.reflect.Method.invoke(Method.java:580)
	at org.junit.platform.commons.util.ReflectionUtils.invokeMethod(ReflectionUtils.java:767)
	at org.junit.jupiter.engine.execution.MethodInvocation.proceed(MethodInvocation.java:60)
	at org.junit.jupiter.engine.execution.InvocationInterceptorChain$ValidatingInvocation.proceed(InvocationInterceptorChain.java:131)
	at org.junit.jupiter.engine.extension.TimeoutExtension.intercept(TimeoutExtension.java:156)
	at org.junit.jupiter.engine.extension.TimeoutExtension.interceptTestableMethod(TimeoutExtension.java:147)
	at org.junit.jupiter.engine.extension.TimeoutExtension.interceptTestMethod(TimeoutExtension.java:86)
	at org.junit.jupiter.engine.execution.InterceptingExecutableInvoker$ReflectiveInterceptorCall.lambda$ofVoidMethod$0(InterceptingExecutableInvoker.java:103)
	at org.junit.jupiter.engine.execution.InterceptingExecutableInvoker.lambda$invoke$0(InterceptingExecutableInvoker.java:93)
	at org.junit.jupiter.engine.execution.InvocationInterceptorChain$InterceptedInvocation.proceed(InvocationInterceptorChain.java:106)
	at org.junit.jupiter.engine.execution.InvocationInterceptorChain.proceed(InvocationInterceptorChain.java:64)
	at org.junit.jupiter.engine.execution.InvocationInterceptorChain.chainAndInvoke(InvocationInterceptorChain.java:45)
	at org.junit.jupiter.engine.execution.InvocationInterceptorChain.invoke(InvocationInterceptorChain.java:37)
	at org.junit.jupiter.engine.execution.InterceptingExecutableInvoker.invoke(InterceptingExecutableInvoker.java:92)
	at org.junit.jupiter.engine.execution.InterceptingExecutableInvoker.invoke(InterceptingExecutableInvoker.java:86)
	at org.junit.jupiter.engine.descriptor.TestMethodTestDescriptor.lambda$invokeTestMethod$8(TestMethodTestDescriptor.java:217)
	at org.junit.platform.engine.support.hierarchical.ThrowableCollector.execute(ThrowableCollector.java:73)
	at org.junit.jupiter.engine.descriptor.TestMethodTestDescriptor.invokeTestMethod(TestMethodTestDescriptor.java:213)
	at org.junit.jupiter.engine.descriptor.TestMethodTestDescriptor.execute(TestMethodTestDescriptor.java:138)
	at org.junit.jupiter.engine.descriptor.TestMethodTestDescriptor.execute(TestMethodTestDescriptor.java:68)
	at org.junit.platform.engine.support.hierarchical.NodeTestTask.lambda$executeRecursively$6(NodeTestTask.java:156)
	at org.junit.platform.engine.support.hierarchical.ThrowableCollector.execute(ThrowableCollector.java:73)
	at org.junit.platform.engine.support.hierarchical.NodeTestTask.lambda$executeRecursively$8(NodeTestTask.java:146)
	at org.junit.platform.engine.support.hierarchical.Node.around(Node.java:137)
	at org.junit.platform.engine.support.hierarchical.NodeTestTask.lambda$executeRecursively$9(NodeTestTask.java:144)
	at org.junit.platform.engine.support.hierarchical.ThrowableCollector.execute(ThrowableCollector.java:73)
	at org.junit.platform.engine.support.hierarchical.NodeTestTask.executeRecursively(NodeTestTask.java:143)
	at org.junit.platform.engine.support.hierarchical.NodeTestTask.execute(NodeTestTask.java:100)
	at java.base/java.util.ArrayList.forEach(ArrayList.java:1596)
	at org.junit.platform.engine.support.hierarchical.SameThreadHierarchicalTestExecutorService.invokeAll(SameThreadHierarchicalTestExecutorService.java:41)
	at org.junit.platform.engine.support.hierarchical.NodeTestTask.lambda$executeRecursively$6(NodeTestTask.java:160)
	at org.junit.platform.engine.support.hierarchical.ThrowableCollector.execute(ThrowableCollector.java:73)
	at org.junit.platform.engine.support.hierarchical.NodeTestTask.lambda$executeRecursively$8(NodeTestTask.java:146)
	at org.junit.platform.engine.support.hierarchical.Node.around(Node.java:137)
	at org.junit.platform.engine.support.hierarchical.NodeTestTask.lambda$executeRecursively$9(NodeTestTask.java:144)
	at org.junit.platform.engine.support.hierarchical.ThrowableCollector.execute(ThrowableCollector.java:73)
	at org.junit.platform.engine.support.hierarchical.NodeTestTask.executeRecursively(NodeTestTask.java:143)
	at org.junit.platform.engine.support.hierarchical.NodeTestTask.execute(NodeTestTask.java:100)
	at java.base/java.util.ArrayList.forEach(ArrayList.java:1596)
	at org.junit.platform.engine.support.hierarchical.SameThreadHierarchicalTestExecutorService.invokeAll(SameThreadHierarchicalTestExecutorService.java:41)
	at org.junit.platform.engine.support.hierarchical.NodeTestTask.lambda$executeRecursively$6(NodeTestTask.java:160)
	at org.junit.platform.engine.support.hierarchical.ThrowableCollector.execute(ThrowableCollector.java:73)
	at org.junit.platform.engine.support.hierarchical.NodeTestTask.lambda$executeRecursively$8(NodeTestTask.java:146)
	at org.junit.platform.engine.support.hierarchical.Node.around(Node.java:137)
	at org.junit.platform.engine.support.hierarchical.NodeTestTask.lambda$executeRecursively$9(NodeTestTask.java:144)
	at org.junit.platform.engine.support.hierarchical.ThrowableCollector.execute(ThrowableCollector.java:73)
	at org.junit.platform.engine.support.hierarchical.NodeTestTask.executeRecursively(NodeTestTask.java:143)
	at org.junit.platform.engine.support.hierarchical.NodeTestTask.execute(NodeTestTask.java:100)
	at org.junit.platform.engine.support.hierarchical.SameThreadHierarchicalTestExecutorService.submit(SameThreadHierarchicalTestExecutorService.java:35)
	at org.junit.platform.engine.support.hierarchical.HierarchicalTestExecutor.execute(HierarchicalTestExecutor.java:57)
	at org.junit.platform.engine.support.hierarchical.HierarchicalTestEngine.execute(HierarchicalTestEngine.java:54)
	at org.junit.platform.launcher.core.EngineExecutionOrchestrator.execute(EngineExecutionOrchestrator.java:198)
	at org.junit.platform.launcher.core.EngineExecutionOrchestrator.execute(EngineExecutionOrchestrator.java:169)
	at org.junit.platform.launcher.core.EngineExecutionOrchestrator.execute(EngineExecutionOrchestrator.java:93)
	at org.junit.platform.launcher.core.EngineExecutionOrchestrator.lambda$execute$0(EngineExecutionOrchestrator.java:58)
	at org.junit.platform.launcher.core.EngineExecutionOrchestrator.withInterceptedStreams(EngineExecutionOrchestrator.java:141)
	at org.junit.platform.launcher.core.EngineExecutionOrchestrator.execute(EngineExecutionOrchestrator.java:57)
	at org.junit.platform.launcher.core.DefaultLauncher.execute(DefaultLauncher.java:103)
	at org.junit.platform.launcher.core.DefaultLauncher.execute(DefaultLauncher.java:85)
	at org.junit.platform.launcher.core.DelegatingLauncher.execute(DelegatingLauncher.java:47)
	at org.apache.maven.surefire.junitplatform.LazyLauncher.execute(LazyLauncher.java:56)
	at org.apache.maven.surefire.junitplatform.JUnitPlatformProvider.execute(JUnitPlatformProvider.java:194)
	at org.apache.maven.surefire.junitplatform.JUnitPlatformProvider.invokeAllTests(JUnitPlatformProvider.java:150)
	at org.apache.maven.surefire.junitplatform.JUnitPlatformProvider.invoke(JUnitPlatformProvider.java:124)
	at org.apache.maven.surefire.booter.ForkedBooter.runSuitesInProcess(ForkedBooter.java:385)
	at org.apache.maven.surefire.booter.ForkedBooter.execute(ForkedBooter.java:162)
	at org.apache.maven.surefire.booter.ForkedBooter.run(ForkedBooter.java:507)
	at org.apache.maven.surefire.booter.ForkedBooter.main(ForkedBooter.java:495)
Caused by: org.postgresql.util.PSQLException: ERROR: new row for relation "chat_message" violates check constraint "ck_chat_message_intent"
  Detail: Failing row contains (c511f8e0-a89d-40da-90fd-83b53fa419bd, 1, 36cbd62c-b216-4293-a105-316084c9f22c, bot, x, HELP, null, null, 2026-09-11 10:00:00+08).
	at org.postgresql.core.v3.QueryExecutorImpl.receiveErrorResponse(QueryExecutorImpl.java:2733)
	at org.postgresql.core.v3.QueryExecutorImpl.processResults(QueryExecutorImpl.java:2420)
	at org.postgresql.core.v3.QueryExecutorImpl.execute(QueryExecutorImpl.java:372)
	at org.postgresql.jdbc.PgStatement.executeInternal(PgStatement.java:517)
	at org.postgresql.jdbc.PgStatement.execute(PgStatement.java:434)
	at org.postgresql.jdbc.PgPreparedStatement.executeWithFlags(PgPreparedStatement.java:194)
	at org.postgresql.jdbc.PgPreparedStatement.executeUpdate(PgPreparedStatement.java:155)
	at com.zaxxer.hikari.pool.ProxyPreparedStatement.executeUpdate(ProxyPreparedStatement.java:61)
	at com.zaxxer.hikari.pool.HikariProxyPreparedStatement.executeUpdate(HikariProxyPreparedStatement.java)
	at org.springframework.jdbc.core.JdbcTemplate.lambda$update$2(JdbcTemplate.java:977)
	at org.springframework.jdbc.core.JdbcTemplate.execute(JdbcTemplate.java:658)
	... 80 more

	at com.objwww.pr.control.it.PostgresDutyBotIT.checkConstraints(PostgresDutyBotIT.java:44)
	at java.base/java.lang.reflect.Method.invoke(Method.java:580)
	at java.base/java.util.ArrayList.forEach(ArrayList.java:1596)
	at java.base/java.util.ArrayList.forEach(ArrayList.java:1596)
]]></failure>
  </testcase>
</testsuite>